[22-Sep-2022 16:16:51 UTC] PHP Warning:  mysqli_real_connect(): (HY000/2002): No such file or directory in /Users/aleksandrzagvozdkin/Desktop/top-seven-test/wp-includes/wp-db.php on line 1753
[22-Sep-2022 16:22:20 UTC] PHP Warning:  mysqli_real_connect(): (HY000/2002): No such file or directory in /Users/aleksandrzagvozdkin/Desktop/top-seven-test/wp-includes/wp-db.php on line 1753
[22-Sep-2022 16:25:21 UTC] PHP Warning:  mysqli_real_connect(): (HY000/2002): No such file or directory in /Users/aleksandrzagvozdkin/Desktop/top-seven-test/wp-includes/wp-db.php on line 1753
[23-Sep-2022 05:14:37 UTC] PHP Warning:  mysqli_real_connect(): (HY000/2002): No such file or directory in /Users/aleksandrzagvozdkin/Desktop/top-seven-test/wp-includes/wp-db.php on line 1753
[23-Sep-2022 06:01:23 UTC] PHP Warning:  mysqli_real_connect(): (HY000/1045): Access denied for user 'top-seven-test'@'localhost' (using password: YES) in /Users/aleksandrzagvozdkin/Desktop/top-seven-test/wp-includes/wp-db.php on line 1753
[23-Sep-2022 06:16:52 UTC] PHP Notice:  Trying to access array offset on value of type bool in /Users/aleksandrzagvozdkin/Desktop/top-seven-test/wp-content/themes/top-seven-test/functions.php on line 249
[23-Sep-2022 06:16:52 UTC] PHP Notice:  Trying to access array offset on value of type bool in /Users/aleksandrzagvozdkin/Desktop/top-seven-test/wp-content/themes/top-seven-test/functions.php on line 259
[23-Sep-2022 06:16:52 UTC] PHP Notice:  Trying to access array offset on value of type bool in /Users/aleksandrzagvozdkin/Desktop/top-seven-test/wp-content/themes/top-seven-test/functions.php on line 269
[23-Sep-2022 06:16:52 UTC] PHP Notice:  Trying to access array offset on value of type bool in /Users/aleksandrzagvozdkin/Desktop/top-seven-test/wp-content/themes/top-seven-test/functions.php on line 280
[23-Sep-2022 06:16:52 UTC] PHP Notice:  Trying to access array offset on value of type bool in /Users/aleksandrzagvozdkin/Desktop/top-seven-test/wp-content/themes/top-seven-test/functions.php on line 292
[23-Sep-2022 06:16:52 UTC] PHP Notice:  Trying to access array offset on value of type bool in /Users/aleksandrzagvozdkin/Desktop/top-seven-test/wp-content/themes/top-seven-test/functions.php on line 293
[25-Sep-2022 17:26:45 UTC] PHP Notice:  Trying to access array offset on value of type bool in /Users/aleksandrzagvozdkin/Desktop/top-seven-test/wp-content/themes/top-seven-test/functions.php on line 249
[25-Sep-2022 17:26:45 UTC] PHP Notice:  Trying to access array offset on value of type bool in /Users/aleksandrzagvozdkin/Desktop/top-seven-test/wp-content/themes/top-seven-test/functions.php on line 259
[25-Sep-2022 17:26:45 UTC] PHP Notice:  Trying to access array offset on value of type bool in /Users/aleksandrzagvozdkin/Desktop/top-seven-test/wp-content/themes/top-seven-test/functions.php on line 269
[25-Sep-2022 17:26:45 UTC] PHP Notice:  Trying to access array offset on value of type bool in /Users/aleksandrzagvozdkin/Desktop/top-seven-test/wp-content/themes/top-seven-test/functions.php on line 280
[25-Sep-2022 17:26:45 UTC] PHP Notice:  Trying to access array offset on value of type bool in /Users/aleksandrzagvozdkin/Desktop/top-seven-test/wp-content/themes/top-seven-test/functions.php on line 292
[25-Sep-2022 17:26:45 UTC] PHP Notice:  Trying to access array offset on value of type bool in /Users/aleksandrzagvozdkin/Desktop/top-seven-test/wp-content/themes/top-seven-test/functions.php on line 293
[25-Sep-2022 23:06:51 UTC] PHP Notice:  Undefined index: uploader_custom in /Users/aleksandrzagvozdkin/Desktop/top-seven-test/wp-content/themes/top-seven-test/functions.php on line 525
[25-Sep-2022 23:42:30 UTC] PHP Notice:  Undefined index: uploader_custom in /Users/aleksandrzagvozdkin/Desktop/top-seven-test/wp-content/themes/top-seven-test/functions.php on line 283
[25-Sep-2022 23:42:37 UTC] PHP Notice:  Undefined index: uploader_custom in /Users/aleksandrzagvozdkin/Desktop/top-seven-test/wp-content/themes/top-seven-test/functions.php on line 283
[25-Sep-2022 23:43:34 UTC] PHP Notice:  Undefined index: uploader_custom in /Users/aleksandrzagvozdkin/Desktop/top-seven-test/wp-content/themes/top-seven-test/functions.php on line 283
[26-Sep-2022 00:09:54 UTC] PHP Warning:  call_user_func() expects parameter 1 to be a valid callback, function 'print_b' not found or invalid function name in /Users/aleksandrzagvozdkin/Desktop/top-seven-test/wp-admin/includes/template.php on line 1401
[26-Sep-2022 00:09:54 UTC] PHP Warning:  call_user_func() expects parameter 1 to be a valid callback, function 'print_bo' not found or invalid function name in /Users/aleksandrzagvozdkin/Desktop/top-seven-test/wp-admin/includes/template.php on line 1401
[26-Sep-2022 00:13:20 UTC] PHP Warning:  call_user_func() expects parameter 1 to be a valid callback, function 'print_b' not found or invalid function name in /Users/aleksandrzagvozdkin/Desktop/top-seven-test/wp-admin/includes/template.php on line 1401
[26-Sep-2022 00:13:20 UTC] PHP Warning:  call_user_func() expects parameter 1 to be a valid callback, function 'print_bo' not found or invalid function name in /Users/aleksandrzagvozdkin/Desktop/top-seven-test/wp-admin/includes/template.php on line 1401
[26-Sep-2022 00:55:11 UTC] PHP Notice:  Undefined index: slide_img in /Users/aleksandrzagvozdkin/Desktop/top-seven-test/wp-content/themes/top-seven-test/functions.php on line 293
[26-Sep-2022 00:55:18 UTC] PHP Notice:  Undefined index: slide_img in /Users/aleksandrzagvozdkin/Desktop/top-seven-test/wp-content/themes/top-seven-test/functions.php on line 293
[26-Sep-2022 00:55:24 UTC] PHP Notice:  Undefined index: slide_img in /Users/aleksandrzagvozdkin/Desktop/top-seven-test/wp-content/themes/top-seven-test/functions.php on line 293
[26-Sep-2022 00:56:52 UTC] PHP Notice:  Undefined index: slide_img in /Users/aleksandrzagvozdkin/Desktop/top-seven-test/wp-content/themes/top-seven-test/functions.php on line 293
[26-Sep-2022 00:57:39 UTC] PHP Notice:  Undefined index: slide_img in /Users/aleksandrzagvozdkin/Desktop/top-seven-test/wp-content/themes/top-seven-test/functions.php on line 293
[26-Sep-2022 00:59:38 UTC] PHP Notice:  Undefined index: slide_img in /Users/aleksandrzagvozdkin/Desktop/top-seven-test/wp-content/themes/top-seven-test/functions.php on line 285
[26-Sep-2022 01:01:05 UTC] PHP Notice:  Undefined index: slide_img in /Users/aleksandrzagvozdkin/Desktop/top-seven-test/wp-content/themes/top-seven-test/functions.php on line 285
[26-Sep-2022 01:05:04 UTC] PHP Notice:  Undefined index: uploader_custom in /Users/aleksandrzagvozdkin/Desktop/top-seven-test/wp-content/themes/top-seven-test/functions.php on line 285
[26-Sep-2022 01:05:04 UTC] PHP Warning:  call_user_func() expects parameter 1 to be a valid callback, function 'print_b' not found or invalid function name in /Users/aleksandrzagvozdkin/Desktop/top-seven-test/wp-admin/includes/template.php on line 1401
[26-Sep-2022 01:05:04 UTC] PHP Warning:  call_user_func() expects parameter 1 to be a valid callback, function 'print_bo' not found or invalid function name in /Users/aleksandrzagvozdkin/Desktop/top-seven-test/wp-admin/includes/template.php on line 1401
[26-Sep-2022 01:06:40 UTC] PHP Notice:  Undefined index: uploader_custom in /Users/aleksandrzagvozdkin/Desktop/top-seven-test/wp-content/themes/top-seven-test/functions.php on line 285
[26-Sep-2022 01:10:03 UTC] PHP Notice:  Undefined index: slide_img in /Users/aleksandrzagvozdkin/Desktop/top-seven-test/wp-content/themes/top-seven-test/functions.php on line 285
[26-Sep-2022 01:11:59 UTC] PHP Notice:  Undefined index: slide_img in /Users/aleksandrzagvozdkin/Desktop/top-seven-test/wp-content/themes/top-seven-test/functions.php on line 285
[26-Sep-2022 01:15:19 UTC] PHP Notice:  Undefined index: slide_img in /Users/aleksandrzagvozdkin/Desktop/top-seven-test/wp-content/themes/top-seven-test/functions.php on line 284
